This file contains any messages produced by compilers while
running configure, to aid debugging if configure makes a mistake.

It was created by ChaNGa configure 3.2, which was
generated by GNU Autoconf 2.69.  Invocation command line was

  $ ./configure --enable-cooling=nuc

## --------- ##
## Platform. ##
## --------- ##

hostname = comet-ln2.sdsc.edu
uname -m = x86_64
uname -r = 2.6.32-573.12.1.el6.x86_64
uname -s = Linux
uname -v = #1 SMP Tue Dec 15 21:19:08 UTC 2015

/usr/bin/uname -p = unknown
/bin/uname -X     = unknown

/bin/arch              = x86_64
/usr/bin/arch -k       = unknown
/usr/convex/getsysinfo = unknown
/usr/bin/hostinfo      = unknown
/bin/machine           = unknown
/usr/bin/oslevel       = unknown
/bin/universe          = unknown

PATH: /opt/gnu/gcc/bin
PATH: /opt/gnu/bin
PATH: /opt/mvapich2/intel/ib/bin
PATH: /opt/intel/composer_xe_2013_sp1.2.144/bin/intel64
PATH: /opt/intel/composer_xe_2013_sp1.2.144/mpirt/bin/intel64
PATH: /opt/intel/composer_xe_2013_sp1.2.144/debugger/gdb/intel64_mic/bin
PATH: /usr/lib64/qt-3.3/bin
PATH: /usr/local/bin
PATH: /bin
PATH: /usr/bin
PATH: /usr/local/sbin
PATH: /usr/sbin
PATH: /sbin
PATH: /opt/ibutils/bin
PATH: /usr/java/latest/bin
PATH: /opt/pdsh/bin
PATH: /opt/rocks/bin
PATH: /opt/rocks/sbin
PATH: /opt/sdsc/bin
PATH: /opt/sdsc/sbin
PATH: /home/mbrinson/bin


## ----------- ##
## Core tests. ##
## ----------- ##

configure:2221: checking for charmc
configure:2240: found /home/mbrinson/Libraries/charm-6.7.1/bin/charmc
configure:2253: result: /home/mbrinson/Libraries/charm-6.7.1/bin/charmc
configure:2282: checking for ../libs
configure:2295: result: no
configure:2414: checking for C++ compiler version
configure:2423: mpicxx -m64  --version >&5
icpc (ICC) 14.0.2 20140120
Copyright (C) 1985-2014 Intel Corporation.  All rights reserved.

configure:2434: $? = 0
configure:2423: mpicxx -m64  -v >&5
mpicxx for MVAPICH2 version 2.1
icpc version 14.0.2 (gcc version 4.8.0 compatibility)
ld    /usr/lib/../lib64/crt1.o /usr/lib/../lib64/crti.o /opt/gnu/gcc/lib/gcc/x86_64-unknown-linux-gnu/4.9.2/crtbegin.o --eh-frame-hdr --build-id -dynamic-linker /lib64/ld-linux-x86-64.so.2 -L/opt/mvapich2/intel/ib/lib -o a.out -L/opt/intel/composer_xe_2013_sp1.2.144/compiler/lib/intel64 -L/opt/intel/composer_xe_2013_sp1.2.144/ipp/../compiler/lib/intel64 -L/opt/intel/composer_xe_2013_sp1.2.144/ipp/lib/intel64 -L/opt/intel/composer_xe_2013_sp1.2.144/compiler/lib/intel64 -L/opt/intel/composer_xe_2013_sp1.2.144/mkl/lib/intel64 -L/opt/intel/composer_xe_2013_sp1.2.144/tbb/lib/intel64/gcc4.4 -L/opt/intel/composer_xe_2013_sp1.2.144/compiler/lib/intel64 -L/opt/gnu/gcc/lib/gcc/x86_64-unknown-linux-gnu/4.9.2/ -L/opt/gnu/gcc/lib/gcc/x86_64-unknown-linux-gnu/4.9.2/../../../../lib64 -L/opt/gnu/gcc/lib/gcc/x86_64-unknown-linux-gnu/4.9.2/../../../../lib64/ -L/lib/../lib64 -L/lib/../lib64/ -L/usr/lib/../lib64 -L/usr/lib/../lib64/ -L/opt/intel/composer_xe_2013_sp1.2.144/compiler/lib/intel64/ -L/opt/intel/composer_xe_2013_sp1.2.144/ipp/../compiler/lib/intel64/ -L/opt/intel/composer_xe_2013_sp1.2.144/ipp/lib/intel64/ -L/opt/intel/composer_xe_2013_sp1.2.144/mkl/lib/intel64/ -L/opt/intel/composer_xe_2013_sp1.2.144/tbb/lib/intel64/gcc4.4/ -L/opt/gnu/gcc/lib/gcc/x86_64-unknown-linux-gnu/4.9.2/../../../ -L/lib64 -L/lib/ -L/usr/lib64 -L/usr/lib -lmpicxx -rpath /opt/mvapich2/intel/ib/lib --enable-new-dtags -lmpi -Bdynamic -Bstatic -limf -lsvml -lirng -Bdynamic -lm -Bstatic -lipgo -ldecimal --as-needed -Bdynamic -lcilkrts --no-as-needed -lstdc++ -lgcc -lgcc_s -Bstatic -lirc -lsvml -Bdynamic -lc -lgcc -lgcc_s -Bstatic -lirc_s -Bdynamic -ldl -lc /opt/gnu/gcc/lib/gcc/x86_64-unknown-linux-gnu/4.9.2/crtend.o /usr/lib/../lib64/crtn.o
/usr/lib/../lib64/crt1.o: In function `_start':
(.text+0x20): undefined reference to `main'
configure:2434: $? = 1
configure:2423: mpicxx -m64  -V >&5
GNU ld (GNU Binutils) 2.25
Intel(R) C++ Intel(R) 64 Compiler XE for applications running on Intel(R) 64, Version 14.0.2.144 Build 20140120
Copyright (C) 1985-2014 Intel Corporation.  All rights reserved.

/usr/lib/../lib64/crt1.o: In function `_start':
(.text+0x20): undefined reference to `main'
configure:2434: $? = 1
configure:2423: mpicxx -m64  -qversion >&5
icpc: command line warning #10006: ignoring unknown option '-qversion'
/usr/lib/../lib64/crt1.o: In function `_start':
(.text+0x20): undefined reference to `main'
configure:2434: $? = 1
configure:2454: checking whether the C++ compiler works
configure:2476: mpicxx -m64    -I..  conftest.cpp  >&5
configure:2480: $? = 0
configure:2528: result: yes
configure:2531: checking for C++ compiler default output file name
configure:2533: result: a.out
configure:2539: checking for suffix of executables
configure:2546: mpicxx -m64  -o conftest   -I..  conftest.cpp  >&5
configure:2550: $? = 0
configure:2572: result: 
configure:2594: checking whether we are cross compiling
configure:2602: mpicxx -m64  -o conftest   -I..  conftest.cpp  >&5
configure:2606: $? = 0
configure:2613: ./conftest
configure:2617: $? = 0
configure:2632: result: no
configure:2637: checking for suffix of object files
configure:2659: mpicxx -m64  -c   -I.. conftest.cpp >&5
configure:2663: $? = 0
configure:2684: result: o
configure:2688: checking whether we are using the GNU C++ compiler
configure:2707: mpicxx -m64  -c   -I.. conftest.cpp >&5
configure:2707: $? = 0
configure:2716: result: yes
configure:2725: checking whether mpicxx -m64  accepts -g
configure:2745: mpicxx -m64  -c -g  -I.. conftest.cpp >&5
configure:2745: $? = 0
configure:2786: result: yes
configure:2860: checking for gcc
configure:2887: result: mpicc -m64 
configure:3116: checking for C compiler version
configure:3125: mpicc -m64  --version >&5
icc (ICC) 14.0.2 20140120
Copyright (C) 1985-2014 Intel Corporation.  All rights reserved.

configure:3136: $? = 0
configure:3125: mpicc -m64  -v >&5
mpicc for MVAPICH2 version 2.1
icc version 14.0.2 (gcc version 4.8.0 compatibility)
ld    /usr/lib/../lib64/crt1.o /usr/lib/../lib64/crti.o /opt/gnu/gcc/lib/gcc/x86_64-unknown-linux-gnu/4.9.2/crtbegin.o --eh-frame-hdr --build-id -dynamic-linker /lib64/ld-linux-x86-64.so.2 -L/opt/mvapich2/intel/ib/lib -o a.out -L/opt/intel/composer_xe_2013_sp1.2.144/compiler/lib/intel64 -L/opt/intel/composer_xe_2013_sp1.2.144/ipp/../compiler/lib/intel64 -L/opt/intel/composer_xe_2013_sp1.2.144/ipp/lib/intel64 -L/opt/intel/composer_xe_2013_sp1.2.144/compiler/lib/intel64 -L/opt/intel/composer_xe_2013_sp1.2.144/mkl/lib/intel64 -L/opt/intel/composer_xe_2013_sp1.2.144/tbb/lib/intel64/gcc4.4 -L/opt/intel/composer_xe_2013_sp1.2.144/compiler/lib/intel64 -L/opt/gnu/gcc/lib/gcc/x86_64-unknown-linux-gnu/4.9.2/ -L/opt/gnu/gcc/lib/gcc/x86_64-unknown-linux-gnu/4.9.2/../../../../lib64 -L/opt/gnu/gcc/lib/gcc/x86_64-unknown-linux-gnu/4.9.2/../../../../lib64/ -L/lib/../lib64 -L/lib/../lib64/ -L/usr/lib/../lib64 -L/usr/lib/../lib64/ -L/opt/intel/composer_xe_2013_sp1.2.144/compiler/lib/intel64/ -L/opt/intel/composer_xe_2013_sp1.2.144/ipp/../compiler/lib/intel64/ -L/opt/intel/composer_xe_2013_sp1.2.144/ipp/lib/intel64/ -L/opt/intel/composer_xe_2013_sp1.2.144/mkl/lib/intel64/ -L/opt/intel/composer_xe_2013_sp1.2.144/tbb/lib/intel64/gcc4.4/ -L/opt/gnu/gcc/lib/gcc/x86_64-unknown-linux-gnu/4.9.2/../../../ -L/lib64 -L/lib/ -L/usr/lib64 -L/usr/lib -rpath /opt/mvapich2/intel/ib/lib --enable-new-dtags -lmpi -Bdynamic -Bstatic -limf -lsvml -lirng -Bdynamic -lm -Bstatic -lipgo -ldecimal --as-needed -Bdynamic -lcilkrts -lstdc++ --no-as-needed -lgcc -lgcc_s -Bstatic -lirc -lsvml -Bdynamic -lc -lgcc -lgcc_s -Bstatic -lirc_s -Bdynamic -ldl -lc /opt/gnu/gcc/lib/gcc/x86_64-unknown-linux-gnu/4.9.2/crtend.o /usr/lib/../lib64/crtn.o
/usr/lib/../lib64/crt1.o: In function `_start':
(.text+0x20): undefined reference to `main'
configure:3136: $? = 1
configure:3125: mpicc -m64  -V >&5
GNU ld (GNU Binutils) 2.25
Intel(R) C Intel(R) 64 Compiler XE for applications running on Intel(R) 64, Version 14.0.2.144 Build 20140120
Copyright (C) 1985-2014 Intel Corporation.  All rights reserved.

/usr/lib/../lib64/crt1.o: In function `_start':
(.text+0x20): undefined reference to `main'
configure:3136: $? = 1
configure:3125: mpicc -m64  -qversion >&5
icc: command line warning #10006: ignoring unknown option '-qversion'
/usr/lib/../lib64/crt1.o: In function `_start':
(.text+0x20): undefined reference to `main'
configure:3136: $? = 1
configure:3140: checking whether we are using the GNU C compiler
configure:3159: mpicc -m64  -c   -I.. conftest.c >&5
configure:3159: $? = 0
configure:3168: result: yes
configure:3177: checking whether mpicc -m64  accepts -g
configure:3197: mpicc -m64  -c -g  -I.. conftest.c >&5
configure:3197: $? = 0
configure:3238: result: yes
configure:3255: checking for mpicc -m64  option to accept ISO C89
configure:3318: mpicc -m64   -c -g -O2  -I.. conftest.c >&5
configure:3318: $? = 0
configure:3331: result: none needed
configure:3357: checking how to run the C preprocessor
configure:3388: mpicc -m64  -E  -I.. conftest.c
configure:3388: $? = 0
configure:3402: mpicc -m64  -E  -I.. conftest.c
conftest.c(10): error #2379: cannot open source file "ac_nonexistent.h"
  #include <ac_nonexistent.h>
                             ^

configure:3402: $? = 2
configure: failed program was:
| /* confdefs.h */
| #define PACKAGE_NAME "ChaNGa"
| #define PACKAGE_TARNAME "changa"
| #define PACKAGE_VERSION "3.2"
| #define PACKAGE_STRING "ChaNGa 3.2"
| #define PACKAGE_BUGREPORT "changa-users@u.washington.edu"
| #define PACKAGE_URL ""
| #define NBODY_PACKAGE_VERSION 3.2
| /* end confdefs.h.  */
| #include <ac_nonexistent.h>
configure:3427: result: mpicc -m64  -E
configure:3447: mpicc -m64  -E  -I.. conftest.c
configure:3447: $? = 0
configure:3461: mpicc -m64  -E  -I.. conftest.c
conftest.c(10): error #2379: cannot open source file "ac_nonexistent.h"
  #include <ac_nonexistent.h>
                             ^

configure:3461: $? = 2
configure: failed program was:
| /* confdefs.h */
| #define PACKAGE_NAME "ChaNGa"
| #define PACKAGE_TARNAME "changa"
| #define PACKAGE_VERSION "3.2"
| #define PACKAGE_STRING "ChaNGa 3.2"
| #define PACKAGE_BUGREPORT "changa-users@u.washington.edu"
| #define PACKAGE_URL ""
| #define NBODY_PACKAGE_VERSION 3.2
| /* end confdefs.h.  */
| #include <ac_nonexistent.h>
configure:3490: checking for grep that handles long lines and -e
configure:3548: result: /bin/grep
configure:3553: checking for egrep
configure:3615: result: /bin/grep -E
configure:3620: checking for ANSI C header files
configure:3640: mpicc -m64  -c -g -O2  -I.. conftest.c >&5
configure:3640: $? = 0
configure:3713: mpicc -m64  -o conftest -g -O2  -I..  conftest.c  >&5
configure:3713: $? = 0
configure:3713: ./conftest
configure:3713: $? = 0
configure:3724: result: yes
configure:3737: checking for sys/types.h
configure:3737: mpicc -m64  -c -g -O2  -I.. conftest.c >&5
configure:3737: $? = 0
configure:3737: result: yes
configure:3737: checking for sys/stat.h
configure:3737: mpicc -m64  -c -g -O2  -I.. conftest.c >&5
configure:3737: $? = 0
configure:3737: result: yes
configure:3737: checking for stdlib.h
configure:3737: mpicc -m64  -c -g -O2  -I.. conftest.c >&5
configure:3737: $? = 0
configure:3737: result: yes
configure:3737: checking for string.h
configure:3737: mpicc -m64  -c -g -O2  -I.. conftest.c >&5
configure:3737: $? = 0
configure:3737: result: yes
configure:3737: checking for memory.h
configure:3737: mpicc -m64  -c -g -O2  -I.. conftest.c >&5
configure:3737: $? = 0
configure:3737: result: yes
configure:3737: checking for strings.h
configure:3737: mpicc -m64  -c -g -O2  -I.. conftest.c >&5
configure:3737: $? = 0
configure:3737: result: yes
configure:3737: checking for inttypes.h
configure:3737: mpicc -m64  -c -g -O2  -I.. conftest.c >&5
configure:3737: $? = 0
configure:3737: result: yes
configure:3737: checking for stdint.h
configure:3737: mpicc -m64  -c -g -O2  -I.. conftest.c >&5
configure:3737: $? = 0
configure:3737: result: yes
configure:3737: checking for unistd.h
configure:3737: mpicc -m64  -c -g -O2  -I.. conftest.c >&5
configure:3737: $? = 0
configure:3737: result: yes
configure:3752: checking sys/bittypes.h usability
configure:3752: mpicc -m64  -c -g -O2  -I.. conftest.c >&5
conftest.c(53): catastrophic error: cannot open source file "sys/bittypes.h"
  #include <sys/bittypes.h>
                           ^

compilation aborted for conftest.c (code 4)
configure:3752: $? = 4
configure: failed program was:
| /* confdefs.h */
| #define PACKAGE_NAME "ChaNGa"
| #define PACKAGE_TARNAME "changa"
| #define PACKAGE_VERSION "3.2"
| #define PACKAGE_STRING "ChaNGa 3.2"
| #define PACKAGE_BUGREPORT "changa-users@u.washington.edu"
| #define PACKAGE_URL ""
| #define NBODY_PACKAGE_VERSION 3.2
| #define STDC_HEADERS 1
| #define HAVE_SYS_TYPES_H 1
| #define HAVE_SYS_STAT_H 1
| #define HAVE_STDLIB_H 1
| #define HAVE_STRING_H 1
| #define HAVE_MEMORY_H 1
| #define HAVE_STRINGS_H 1
| #define HAVE_INTTYPES_H 1
| #define HAVE_STDINT_H 1
| #define HAVE_UNISTD_H 1
| /* end confdefs.h.  */
| #include <stdio.h>
| #ifdef HAVE_SYS_TYPES_H
| # include <sys/types.h>
| #endif
| #ifdef HAVE_SYS_STAT_H
| # include <sys/stat.h>
| #endif
| #ifdef STDC_HEADERS
| # include <stdlib.h>
| # include <stddef.h>
| #else
| # ifdef HAVE_STDLIB_H
| #  include <stdlib.h>
| # endif
| #endif
| #ifdef HAVE_STRING_H
| # if !defined STDC_HEADERS && defined HAVE_MEMORY_H
| #  include <memory.h>
| # endif
| # include <string.h>
| #endif
| #ifdef HAVE_STRINGS_H
| # include <strings.h>
| #endif
| #ifdef HAVE_INTTYPES_H
| # include <inttypes.h>
| #endif
| #ifdef HAVE_STDINT_H
| # include <stdint.h>
| #endif
| #ifdef HAVE_UNISTD_H
| # include <unistd.h>
| #endif
| #include <sys/bittypes.h>
configure:3752: result: no
configure:3752: checking sys/bittypes.h presence
configure:3752: mpicc -m64  -E  -I.. conftest.c
conftest.c(20): error #2379: cannot open source file "sys/bittypes.h"
  #include <sys/bittypes.h>
                           ^

configure:3752: $? = 2
configure: failed program was:
| /* confdefs.h */
| #define PACKAGE_NAME "ChaNGa"
| #define PACKAGE_TARNAME "changa"
| #define PACKAGE_VERSION "3.2"
| #define PACKAGE_STRING "ChaNGa 3.2"
| #define PACKAGE_BUGREPORT "changa-users@u.washington.edu"
| #define PACKAGE_URL ""
| #define NBODY_PACKAGE_VERSION 3.2
| #define STDC_HEADERS 1
| #define HAVE_SYS_TYPES_H 1
| #define HAVE_SYS_STAT_H 1
| #define HAVE_STDLIB_H 1
| #define HAVE_STRING_H 1
| #define HAVE_MEMORY_H 1
| #define HAVE_STRINGS_H 1
| #define HAVE_INTTYPES_H 1
| #define HAVE_STDINT_H 1
| #define HAVE_UNISTD_H 1
| /* end confdefs.h.  */
| #include <sys/bittypes.h>
configure:3752: result: no
configure:3752: checking for sys/bittypes.h
configure:3752: result: no
configure:3752: checking endian.h usability
configure:3752: mpicc -m64  -c -g -O2  -I.. conftest.c >&5
configure:3752: $? = 0
configure:3752: result: yes
configure:3752: checking endian.h presence
configure:3752: mpicc -m64  -E  -I.. conftest.c
configure:3752: $? = 0
configure:3752: result: yes
configure:3752: checking for endian.h
configure:3752: result: yes
configure:3752: checking limits.h usability
configure:3752: mpicc -m64  -c -g -O2  -I.. conftest.c >&5
configure:3752: $? = 0
configure:3752: result: yes
configure:3752: checking limits.h presence
configure:3752: mpicc -m64  -E  -I.. conftest.c
configure:3752: $? = 0
configure:3752: result: yes
configure:3752: checking for limits.h
configure:3752: result: yes
configure:3752: checking malloc.h usability
configure:3752: mpicc -m64  -c -g -O2  -I.. conftest.c >&5
configure:3752: $? = 0
configure:3752: result: yes
configure:3752: checking malloc.h presence
configure:3752: mpicc -m64  -E  -I.. conftest.c
configure:3752: $? = 0
configure:3752: result: yes
configure:3752: checking for malloc.h
configure:3752: result: yes
configure:3752: checking stddef.h usability
configure:3752: mpicc -m64  -c -g -O2  -I.. conftest.c >&5
configure:3752: $? = 0
configure:3752: result: yes
configure:3752: checking stddef.h presence
configure:3752: mpicc -m64  -E  -I.. conftest.c
configure:3752: $? = 0
configure:3752: result: yes
configure:3752: checking for stddef.h
configure:3752: result: yes
configure:3752: checking for stdint.h
configure:3752: result: yes
configure:3752: checking for stdlib.h
configure:3752: result: yes
configure:3752: checking for string.h
configure:3752: result: yes
configure:3752: checking sys/param.h usability
configure:3752: mpicc -m64  -c -g -O2  -I.. conftest.c >&5
configure:3752: $? = 0
configure:3752: result: yes
configure:3752: checking sys/param.h presence
configure:3752: mpicc -m64  -E  -I.. conftest.c
configure:3752: $? = 0
configure:3752: result: yes
configure:3752: checking for sys/param.h
configure:3752: result: yes
configure:3752: checking for unistd.h
configure:3752: result: yes
configure:3752: checking values.h usability
configure:3752: mpicc -m64  -c -g -O2  -I.. conftest.c >&5
configure:3752: $? = 0
configure:3752: result: yes
configure:3752: checking values.h presence
configure:3752: mpicc -m64  -E  -I.. conftest.c
configure:3752: $? = 0
configure:3752: result: yes
configure:3752: checking for values.h
configure:3752: result: yes
configure:3762: checking netinet/in.h usability
configure:3762: mpicc -m64  -c -g -O2  -I.. conftest.c >&5
configure:3762: $? = 0
configure:3762: result: yes
configure:3762: checking netinet/in.h presence
configure:3762: mpicc -m64  -E  -I.. conftest.c
configure:3762: $? = 0
configure:3762: result: yes
configure:3762: checking for netinet/in.h
configure:3762: result: yes
configure:3776: checking rpc/types.h usability
configure:3776: mpicc -m64  -c -g -O2  -I.. conftest.c >&5
configure:3776: $? = 0
configure:3776: result: yes
configure:3776: checking rpc/types.h presence
configure:3776: mpicc -m64  -E  -I.. conftest.c
configure:3776: $? = 0
configure:3776: result: yes
configure:3776: checking for rpc/types.h
configure:3776: result: yes
configure:3786: checking for rpc/xdr.h
configure:3786: mpicc -m64  -c -g -O2  -I.. conftest.c >&5
configure:3786: $? = 0
configure:3786: result: yes
configure:3798: checking for library containing xdr_float
configure:3829: mpicc -m64  -o conftest -g -O2  -I..  conftest.c  >&5
configure:3829: $? = 0
configure:3846: result: none required
configure:4090: checking for stdbool.h that conforms to C99
configure:4157: mpicc -m64  -c -g -O2  -I.. conftest.c >&5
configure:4157: $? = 0
configure:4164: result: yes
configure:4166: checking for _Bool
configure:4166: mpicc -m64  -c -g -O2  -I.. conftest.c >&5
configure:4166: $? = 0
configure:4166: mpicc -m64  -c -g -O2  -I.. conftest.c >&5
conftest.c(67): error: expected an expression
  if (sizeof ((_Bool)))
                     ^

compilation aborted for conftest.c (code 2)
configure:4166: $? = 2
configure: failed program was:
| /* confdefs.h */
| #define PACKAGE_NAME "ChaNGa"
| #define PACKAGE_TARNAME "changa"
| #define PACKAGE_VERSION "3.2"
| #define PACKAGE_STRING "ChaNGa 3.2"
| #define PACKAGE_BUGREPORT "changa-users@u.washington.edu"
| #define PACKAGE_URL ""
| #define NBODY_PACKAGE_VERSION 3.2
| #define STDC_HEADERS 1
| #define HAVE_SYS_TYPES_H 1
| #define HAVE_SYS_STAT_H 1
| #define HAVE_STDLIB_H 1
| #define HAVE_STRING_H 1
| #define HAVE_MEMORY_H 1
| #define HAVE_STRINGS_H 1
| #define HAVE_INTTYPES_H 1
| #define HAVE_STDINT_H 1
| #define HAVE_UNISTD_H 1
| #define HAVE_ENDIAN_H 1
| #define HAVE_LIMITS_H 1
| #define HAVE_MALLOC_H 1
| #define HAVE_STDDEF_H 1
| #define HAVE_STDINT_H 1
| #define HAVE_STDLIB_H 1
| #define HAVE_STRING_H 1
| #define HAVE_SYS_PARAM_H 1
| #define HAVE_UNISTD_H 1
| #define HAVE_VALUES_H 1
| #define HAVE_RPC_TYPES_H 1
| /* end confdefs.h.  */
| #include <stdio.h>
| #ifdef HAVE_SYS_TYPES_H
| # include <sys/types.h>
| #endif
| #ifdef HAVE_SYS_STAT_H
| # include <sys/stat.h>
| #endif
| #ifdef STDC_HEADERS
| # include <stdlib.h>
| # include <stddef.h>
| #else
| # ifdef HAVE_STDLIB_H
| #  include <stdlib.h>
| # endif
| #endif
| #ifdef HAVE_STRING_H
| # if !defined STDC_HEADERS && defined HAVE_MEMORY_H
| #  include <memory.h>
| # endif
| # include <string.h>
| #endif
| #ifdef HAVE_STRINGS_H
| # include <strings.h>
| #endif
| #ifdef HAVE_INTTYPES_H
| # include <inttypes.h>
| #endif
| #ifdef HAVE_STDINT_H
| # include <stdint.h>
| #endif
| #ifdef HAVE_UNISTD_H
| # include <unistd.h>
| #endif
| int
| main ()
| {
| if (sizeof ((_Bool)))
| 	    return 0;
|   ;
|   return 0;
| }
configure:4166: result: yes
configure:4183: checking for an ANSI C-conforming const
configure:4249: mpicc -m64  -c -g -O2  -I.. conftest.c >&5
configure:4249: $? = 0
configure:4256: result: yes
configure:4264: checking for inline
configure:4280: mpicc -m64  -c -g -O2  -I.. conftest.c >&5
configure:4280: $? = 0
configure:4288: result: inline
configure:4306: checking for size_t
configure:4306: mpicc -m64  -c -g -O2  -I.. conftest.c >&5
configure:4306: $? = 0
configure:4306: mpicc -m64  -c -g -O2  -I.. conftest.c >&5
conftest.c(69): error: expected an expression
  if (sizeof ((size_t)))
                      ^

compilation aborted for conftest.c (code 2)
configure:4306: $? = 2
configure: failed program was:
| /* confdefs.h */
| #define PACKAGE_NAME "ChaNGa"
| #define PACKAGE_TARNAME "changa"
| #define PACKAGE_VERSION "3.2"
| #define PACKAGE_STRING "ChaNGa 3.2"
| #define PACKAGE_BUGREPORT "changa-users@u.washington.edu"
| #define PACKAGE_URL ""
| #define NBODY_PACKAGE_VERSION 3.2
| #define STDC_HEADERS 1
| #define HAVE_SYS_TYPES_H 1
| #define HAVE_SYS_STAT_H 1
| #define HAVE_STDLIB_H 1
| #define HAVE_STRING_H 1
| #define HAVE_MEMORY_H 1
| #define HAVE_STRINGS_H 1
| #define HAVE_INTTYPES_H 1
| #define HAVE_STDINT_H 1
| #define HAVE_UNISTD_H 1
| #define HAVE_ENDIAN_H 1
| #define HAVE_LIMITS_H 1
| #define HAVE_MALLOC_H 1
| #define HAVE_STDDEF_H 1
| #define HAVE_STDINT_H 1
| #define HAVE_STDLIB_H 1
| #define HAVE_STRING_H 1
| #define HAVE_SYS_PARAM_H 1
| #define HAVE_UNISTD_H 1
| #define HAVE_VALUES_H 1
| #define HAVE_RPC_TYPES_H 1
| #define HAVE__BOOL 1
| #define HAVE_STDBOOL_H 1
| /* end confdefs.h.  */
| #include <stdio.h>
| #ifdef HAVE_SYS_TYPES_H
| # include <sys/types.h>
| #endif
| #ifdef HAVE_SYS_STAT_H
| # include <sys/stat.h>
| #endif
| #ifdef STDC_HEADERS
| # include <stdlib.h>
| # include <stddef.h>
| #else
| # ifdef HAVE_STDLIB_H
| #  include <stdlib.h>
| # endif
| #endif
| #ifdef HAVE_STRING_H
| # if !defined STDC_HEADERS && defined HAVE_MEMORY_H
| #  include <memory.h>
| # endif
| # include <string.h>
| #endif
| #ifdef HAVE_STRINGS_H
| # include <strings.h>
| #endif
| #ifdef HAVE_INTTYPES_H
| # include <inttypes.h>
| #endif
| #ifdef HAVE_STDINT_H
| # include <stdint.h>
| #endif
| #ifdef HAVE_UNISTD_H
| # include <unistd.h>
| #endif
| int
| main ()
| {
| if (sizeof ((size_t)))
| 	    return 0;
|   ;
|   return 0;
| }
configure:4306: result: yes
configure:4317: checking for u_int64_t
configure:4317: mpicc -m64  -c -g -O2  -I.. conftest.c >&5
configure:4317: $? = 0
configure:4317: mpicc -m64  -c -g -O2  -I.. conftest.c >&5
conftest.c(69): error: expected an expression
  if (sizeof ((u_int64_t)))
                         ^

compilation aborted for conftest.c (code 2)
configure:4317: $? = 2
configure: failed program was:
| /* confdefs.h */
| #define PACKAGE_NAME "ChaNGa"
| #define PACKAGE_TARNAME "changa"
| #define PACKAGE_VERSION "3.2"
| #define PACKAGE_STRING "ChaNGa 3.2"
| #define PACKAGE_BUGREPORT "changa-users@u.washington.edu"
| #define PACKAGE_URL ""
| #define NBODY_PACKAGE_VERSION 3.2
| #define STDC_HEADERS 1
| #define HAVE_SYS_TYPES_H 1
| #define HAVE_SYS_STAT_H 1
| #define HAVE_STDLIB_H 1
| #define HAVE_STRING_H 1
| #define HAVE_MEMORY_H 1
| #define HAVE_STRINGS_H 1
| #define HAVE_INTTYPES_H 1
| #define HAVE_STDINT_H 1
| #define HAVE_UNISTD_H 1
| #define HAVE_ENDIAN_H 1
| #define HAVE_LIMITS_H 1
| #define HAVE_MALLOC_H 1
| #define HAVE_STDDEF_H 1
| #define HAVE_STDINT_H 1
| #define HAVE_STDLIB_H 1
| #define HAVE_STRING_H 1
| #define HAVE_SYS_PARAM_H 1
| #define HAVE_UNISTD_H 1
| #define HAVE_VALUES_H 1
| #define HAVE_RPC_TYPES_H 1
| #define HAVE__BOOL 1
| #define HAVE_STDBOOL_H 1
| /* end confdefs.h.  */
| #include <stdio.h>
| #ifdef HAVE_SYS_TYPES_H
| # include <sys/types.h>
| #endif
| #ifdef HAVE_SYS_STAT_H
| # include <sys/stat.h>
| #endif
| #ifdef STDC_HEADERS
| # include <stdlib.h>
| # include <stddef.h>
| #else
| # ifdef HAVE_STDLIB_H
| #  include <stdlib.h>
| # endif
| #endif
| #ifdef HAVE_STRING_H
| # if !defined STDC_HEADERS && defined HAVE_MEMORY_H
| #  include <memory.h>
| # endif
| # include <string.h>
| #endif
| #ifdef HAVE_STRINGS_H
| # include <strings.h>
| #endif
| #ifdef HAVE_INTTYPES_H
| # include <inttypes.h>
| #endif
| #ifdef HAVE_STDINT_H
| # include <stdint.h>
| #endif
| #ifdef HAVE_UNISTD_H
| # include <unistd.h>
| #endif
| int
| main ()
| {
| if (sizeof ((u_int64_t)))
| 	    return 0;
|   ;
|   return 0;
| }
configure:4317: result: yes
configure:4326: checking for u_quad_t
configure:4326: mpicc -m64  -c -g -O2  -I.. conftest.c >&5
configure:4326: $? = 0
configure:4326: mpicc -m64  -c -g -O2  -I.. conftest.c >&5
conftest.c(70): error: expected an expression
  if (sizeof ((u_quad_t)))
                        ^

compilation aborted for conftest.c (code 2)
configure:4326: $? = 2
configure: failed program was:
| /* confdefs.h */
| #define PACKAGE_NAME "ChaNGa"
| #define PACKAGE_TARNAME "changa"
| #define PACKAGE_VERSION "3.2"
| #define PACKAGE_STRING "ChaNGa 3.2"
| #define PACKAGE_BUGREPORT "changa-users@u.washington.edu"
| #define PACKAGE_URL ""
| #define NBODY_PACKAGE_VERSION 3.2
| #define STDC_HEADERS 1
| #define HAVE_SYS_TYPES_H 1
| #define HAVE_SYS_STAT_H 1
| #define HAVE_STDLIB_H 1
| #define HAVE_STRING_H 1
| #define HAVE_MEMORY_H 1
| #define HAVE_STRINGS_H 1
| #define HAVE_INTTYPES_H 1
| #define HAVE_STDINT_H 1
| #define HAVE_UNISTD_H 1
| #define HAVE_ENDIAN_H 1
| #define HAVE_LIMITS_H 1
| #define HAVE_MALLOC_H 1
| #define HAVE_STDDEF_H 1
| #define HAVE_STDINT_H 1
| #define HAVE_STDLIB_H 1
| #define HAVE_STRING_H 1
| #define HAVE_SYS_PARAM_H 1
| #define HAVE_UNISTD_H 1
| #define HAVE_VALUES_H 1
| #define HAVE_RPC_TYPES_H 1
| #define HAVE__BOOL 1
| #define HAVE_STDBOOL_H 1
| #define HAVE_U_INT64_T 1
| /* end confdefs.h.  */
| #include <stdio.h>
| #ifdef HAVE_SYS_TYPES_H
| # include <sys/types.h>
| #endif
| #ifdef HAVE_SYS_STAT_H
| # include <sys/stat.h>
| #endif
| #ifdef STDC_HEADERS
| # include <stdlib.h>
| # include <stddef.h>
| #else
| # ifdef HAVE_STDLIB_H
| #  include <stdlib.h>
| # endif
| #endif
| #ifdef HAVE_STRING_H
| # if !defined STDC_HEADERS && defined HAVE_MEMORY_H
| #  include <memory.h>
| # endif
| # include <string.h>
| #endif
| #ifdef HAVE_STRINGS_H
| # include <strings.h>
| #endif
| #ifdef HAVE_INTTYPES_H
| # include <inttypes.h>
| #endif
| #ifdef HAVE_STDINT_H
| # include <stdint.h>
| #endif
| #ifdef HAVE_UNISTD_H
| # include <unistd.h>
| #endif
| int
| main ()
| {
| if (sizeof ((u_quad_t)))
| 	    return 0;
|   ;
|   return 0;
| }
configure:4326: result: yes
configure:4335: checking for int64_t
configure:4335: mpicc -m64  -c -g -O2  -I.. conftest.c >&5
configure:4335: $? = 0
configure:4335: mpicc -m64  -c -g -O2  -I.. conftest.c >&5
conftest.c(71): error: expected an expression
  if (sizeof ((int64_t)))
                       ^

compilation aborted for conftest.c (code 2)
configure:4335: $? = 2
configure: failed program was:
| /* confdefs.h */
| #define PACKAGE_NAME "ChaNGa"
| #define PACKAGE_TARNAME "changa"
| #define PACKAGE_VERSION "3.2"
| #define PACKAGE_STRING "ChaNGa 3.2"
| #define PACKAGE_BUGREPORT "changa-users@u.washington.edu"
| #define PACKAGE_URL ""
| #define NBODY_PACKAGE_VERSION 3.2
| #define STDC_HEADERS 1
| #define HAVE_SYS_TYPES_H 1
| #define HAVE_SYS_STAT_H 1
| #define HAVE_STDLIB_H 1
| #define HAVE_STRING_H 1
| #define HAVE_MEMORY_H 1
| #define HAVE_STRINGS_H 1
| #define HAVE_INTTYPES_H 1
| #define HAVE_STDINT_H 1
| #define HAVE_UNISTD_H 1
| #define HAVE_ENDIAN_H 1
| #define HAVE_LIMITS_H 1
| #define HAVE_MALLOC_H 1
| #define HAVE_STDDEF_H 1
| #define HAVE_STDINT_H 1
| #define HAVE_STDLIB_H 1
| #define HAVE_STRING_H 1
| #define HAVE_SYS_PARAM_H 1
| #define HAVE_UNISTD_H 1
| #define HAVE_VALUES_H 1
| #define HAVE_RPC_TYPES_H 1
| #define HAVE__BOOL 1
| #define HAVE_STDBOOL_H 1
| #define HAVE_U_INT64_T 1
| #define HAVE_U_QUAD_T 1
| /* end confdefs.h.  */
| #include <stdio.h>
| #ifdef HAVE_SYS_TYPES_H
| # include <sys/types.h>
| #endif
| #ifdef HAVE_SYS_STAT_H
| # include <sys/stat.h>
| #endif
| #ifdef STDC_HEADERS
| # include <stdlib.h>
| # include <stddef.h>
| #else
| # ifdef HAVE_STDLIB_H
| #  include <stdlib.h>
| # endif
| #endif
| #ifdef HAVE_STRING_H
| # if !defined STDC_HEADERS && defined HAVE_MEMORY_H
| #  include <memory.h>
| # endif
| # include <string.h>
| #endif
| #ifdef HAVE_STRINGS_H
| # include <strings.h>
| #endif
| #ifdef HAVE_INTTYPES_H
| # include <inttypes.h>
| #endif
| #ifdef HAVE_STDINT_H
| # include <stdint.h>
| #endif
| #ifdef HAVE_UNISTD_H
| # include <unistd.h>
| #endif
| int
| main ()
| {
| if (sizeof ((int64_t)))
| 	    return 0;
|   ;
|   return 0;
| }
configure:4335: result: yes
configure:4344: checking for quad_t
configure:4344: mpicc -m64  -c -g -O2  -I.. conftest.c >&5
configure:4344: $? = 0
configure:4344: mpicc -m64  -c -g -O2  -I.. conftest.c >&5
conftest.c(72): error: expected an expression
  if (sizeof ((quad_t)))
                      ^

compilation aborted for conftest.c (code 2)
configure:4344: $? = 2
configure: failed program was:
| /* confdefs.h */
| #define PACKAGE_NAME "ChaNGa"
| #define PACKAGE_TARNAME "changa"
| #define PACKAGE_VERSION "3.2"
| #define PACKAGE_STRING "ChaNGa 3.2"
| #define PACKAGE_BUGREPORT "changa-users@u.washington.edu"
| #define PACKAGE_URL ""
| #define NBODY_PACKAGE_VERSION 3.2
| #define STDC_HEADERS 1
| #define HAVE_SYS_TYPES_H 1
| #define HAVE_SYS_STAT_H 1
| #define HAVE_STDLIB_H 1
| #define HAVE_STRING_H 1
| #define HAVE_MEMORY_H 1
| #define HAVE_STRINGS_H 1
| #define HAVE_INTTYPES_H 1
| #define HAVE_STDINT_H 1
| #define HAVE_UNISTD_H 1
| #define HAVE_ENDIAN_H 1
| #define HAVE_LIMITS_H 1
| #define HAVE_MALLOC_H 1
| #define HAVE_STDDEF_H 1
| #define HAVE_STDINT_H 1
| #define HAVE_STDLIB_H 1
| #define HAVE_STRING_H 1
| #define HAVE_SYS_PARAM_H 1
| #define HAVE_UNISTD_H 1
| #define HAVE_VALUES_H 1
| #define HAVE_RPC_TYPES_H 1
| #define HAVE__BOOL 1
| #define HAVE_STDBOOL_H 1
| #define HAVE_U_INT64_T 1
| #define HAVE_U_QUAD_T 1
| #define HAVE_INT64_T 1
| /* end confdefs.h.  */
| #include <stdio.h>
| #ifdef HAVE_SYS_TYPES_H
| # include <sys/types.h>
| #endif
| #ifdef HAVE_SYS_STAT_H
| # include <sys/stat.h>
| #endif
| #ifdef STDC_HEADERS
| # include <stdlib.h>
| # include <stddef.h>
| #else
| # ifdef HAVE_STDLIB_H
| #  include <stdlib.h>
| # endif
| #endif
| #ifdef HAVE_STRING_H
| # if !defined STDC_HEADERS && defined HAVE_MEMORY_H
| #  include <memory.h>
| # endif
| # include <string.h>
| #endif
| #ifdef HAVE_STRINGS_H
| # include <strings.h>
| #endif
| #ifdef HAVE_INTTYPES_H
| # include <inttypes.h>
| #endif
| #ifdef HAVE_STDINT_H
| # include <stdint.h>
| #endif
| #ifdef HAVE_UNISTD_H
| # include <unistd.h>
| #endif
| int
| main ()
| {
| if (sizeof ((quad_t)))
| 	    return 0;
|   ;
|   return 0;
| }
configure:4344: result: yes
configure:4353: checking for quad
configure:4353: mpicc -m64  -c -g -O2  -I.. conftest.c >&5
conftest.c(73): error: identifier "quad" is undefined
  if (sizeof (quad))
              ^

compilation aborted for conftest.c (code 2)
configure:4353: $? = 2
configure: failed program was:
| /* confdefs.h */
| #define PACKAGE_NAME "ChaNGa"
| #define PACKAGE_TARNAME "changa"
| #define PACKAGE_VERSION "3.2"
| #define PACKAGE_STRING "ChaNGa 3.2"
| #define PACKAGE_BUGREPORT "changa-users@u.washington.edu"
| #define PACKAGE_URL ""
| #define NBODY_PACKAGE_VERSION 3.2
| #define STDC_HEADERS 1
| #define HAVE_SYS_TYPES_H 1
| #define HAVE_SYS_STAT_H 1
| #define HAVE_STDLIB_H 1
| #define HAVE_STRING_H 1
| #define HAVE_MEMORY_H 1
| #define HAVE_STRINGS_H 1
| #define HAVE_INTTYPES_H 1
| #define HAVE_STDINT_H 1
| #define HAVE_UNISTD_H 1
| #define HAVE_ENDIAN_H 1
| #define HAVE_LIMITS_H 1
| #define HAVE_MALLOC_H 1
| #define HAVE_STDDEF_H 1
| #define HAVE_STDINT_H 1
| #define HAVE_STDLIB_H 1
| #define HAVE_STRING_H 1
| #define HAVE_SYS_PARAM_H 1
| #define HAVE_UNISTD_H 1
| #define HAVE_VALUES_H 1
| #define HAVE_RPC_TYPES_H 1
| #define HAVE__BOOL 1
| #define HAVE_STDBOOL_H 1
| #define HAVE_U_INT64_T 1
| #define HAVE_U_QUAD_T 1
| #define HAVE_INT64_T 1
| #define HAVE_QUAD_T 1
| /* end confdefs.h.  */
| #include <stdio.h>
| #ifdef HAVE_SYS_TYPES_H
| # include <sys/types.h>
| #endif
| #ifdef HAVE_SYS_STAT_H
| # include <sys/stat.h>
| #endif
| #ifdef STDC_HEADERS
| # include <stdlib.h>
| # include <stddef.h>
| #else
| # ifdef HAVE_STDLIB_H
| #  include <stdlib.h>
| # endif
| #endif
| #ifdef HAVE_STRING_H
| # if !defined STDC_HEADERS && defined HAVE_MEMORY_H
| #  include <memory.h>
| # endif
| # include <string.h>
| #endif
| #ifdef HAVE_STRINGS_H
| # include <strings.h>
| #endif
| #ifdef HAVE_INTTYPES_H
| # include <inttypes.h>
| #endif
| #ifdef HAVE_STDINT_H
| # include <stdint.h>
| #endif
| #ifdef HAVE_UNISTD_H
| # include <unistd.h>
| #endif
| int
| main ()
| {
| if (sizeof (quad))
| 	 return 0;
|   ;
|   return 0;
| }
configure:4353: result: no
configure:4367: checking for stdlib.h
configure:4367: result: yes
configure:4377: checking for GNU libc compatible malloc
configure:4401: mpicc -m64  -o conftest -g -O2  -I..  conftest.c  -lifcore >&5
configure:4401: $? = 0
configure:4401: ./conftest
configure:4401: $? = 0
configure:4411: result: yes
configure:4434: checking for stdlib.h
configure:4434: result: yes
configure:4444: checking for GNU libc compatible realloc
configure:4468: mpicc -m64  -o conftest -g -O2  -I..  conftest.c  -lifcore >&5
configure:4468: $? = 0
configure:4468: ./conftest
configure:4468: $? = 0
configure:4478: result: yes
configure:4502: checking for floor
configure:4502: mpicc -m64  -o conftest -g -O2  -I..  conftest.c  -lifcore >&5
configure:4502: $? = 0
configure:4502: result: yes
configure:4502: checking for memset
configure:4502: mpicc -m64  -o conftest -g -O2  -I..  conftest.c  -lifcore >&5
configure:4502: $? = 0
configure:4502: result: yes
configure:4502: checking for pow
configure:4502: mpicc -m64  -o conftest -g -O2  -I..  conftest.c  -lifcore >&5
configure:4502: $? = 0
configure:4502: result: yes
configure:4502: checking for sqrt
configure:4502: mpicc -m64  -o conftest -g -O2  -I..  conftest.c  -lifcore >&5
configure:4502: $? = 0
configure:4502: result: yes
configure:4502: checking for strchr
configure:4502: mpicc -m64  -o conftest -g -O2  -I..  conftest.c  -lifcore >&5
configure:4502: $? = 0
configure:4502: result: yes
configure:4511: checking for xdr_hyper in -lxdr
configure:4536: mpicc -m64  -o conftest -g -O2  -I..  conftest.c -lxdr   -lifcore >&5
ld: cannot find -lxdr
configure:4536: $? = 1
configure: failed program was:
| /* confdefs.h */
| #define PACKAGE_NAME "ChaNGa"
| #define PACKAGE_TARNAME "changa"
| #define PACKAGE_VERSION "3.2"
| #define PACKAGE_STRING "ChaNGa 3.2"
| #define PACKAGE_BUGREPORT "changa-users@u.washington.edu"
| #define PACKAGE_URL ""
| #define NBODY_PACKAGE_VERSION 3.2
| #define STDC_HEADERS 1
| #define HAVE_SYS_TYPES_H 1
| #define HAVE_SYS_STAT_H 1
| #define HAVE_STDLIB_H 1
| #define HAVE_STRING_H 1
| #define HAVE_MEMORY_H 1
| #define HAVE_STRINGS_H 1
| #define HAVE_INTTYPES_H 1
| #define HAVE_STDINT_H 1
| #define HAVE_UNISTD_H 1
| #define HAVE_ENDIAN_H 1
| #define HAVE_LIMITS_H 1
| #define HAVE_MALLOC_H 1
| #define HAVE_STDDEF_H 1
| #define HAVE_STDINT_H 1
| #define HAVE_STDLIB_H 1
| #define HAVE_STRING_H 1
| #define HAVE_SYS_PARAM_H 1
| #define HAVE_UNISTD_H 1
| #define HAVE_VALUES_H 1
| #define HAVE_RPC_TYPES_H 1
| #define HAVE__BOOL 1
| #define HAVE_STDBOOL_H 1
| #define HAVE_U_INT64_T 1
| #define HAVE_U_QUAD_T 1
| #define HAVE_INT64_T 1
| #define HAVE_QUAD_T 1
| #define HAVE_STDLIB_H 1
| #define HAVE_MALLOC 1
| #define HAVE_STDLIB_H 1
| #define HAVE_REALLOC 1
| #define HAVE_FLOOR 1
| #define HAVE_MEMSET 1
| #define HAVE_POW 1
| #define HAVE_SQRT 1
| #define HAVE_STRCHR 1
| /* end confdefs.h.  */
| 
| /* Override any GCC internal prototype to avoid an error.
|    Use char because int might match the return type of a GCC
|    builtin and then its argument prototype would still apply.  */
| #ifdef __cplusplus
| extern "C"
| #endif
| char xdr_hyper ();
| int
| main ()
| {
| return xdr_hyper ();
|   ;
|   return 0;
| }
configure:4545: result: no
configure:4558: checking for xdr_hyper
configure:4558: mpicc -m64  -o conftest -g -O2  -I..  conftest.c  -lifcore >&5
configure:4558: $? = 0
configure:4558: result: yes
configure:4684: creating ./config.status

## ---------------------- ##
## Running config.status. ##
## ---------------------- ##

This file was extended by ChaNGa config.status 3.2, which was
generated by GNU Autoconf 2.69.  Invocation command line was

  CONFIG_FILES    = 
  CONFIG_HEADERS  = 
  CONFIG_LINKS    = 
  CONFIG_COMMANDS = 
  $ ./config.status 

on comet-ln2.sdsc.edu

config.status:838: creating Makefile
config.status:838: creating ../utility/structures/Makefile
config.status:838: creating config.h
config.status:1008: config.h is unchanged
config.status:838: creating ../utility/structures/config.h
config.status:1008: ../utility/structures/config.h is unchanged

## ---------------- ##
## Cache variables. ##
## ---------------- ##

ac_cv_c_compiler_gnu=yes
ac_cv_c_const=yes
ac_cv_c_inline=inline
ac_cv_cxx_compiler_gnu=yes
ac_cv_env_CCC_set=
ac_cv_env_CCC_value=
ac_cv_env_CC_set=
ac_cv_env_CC_value=
ac_cv_env_CFLAGS_set=
ac_cv_env_CFLAGS_value=
ac_cv_env_CHARMC_set=
ac_cv_env_CHARMC_value=
ac_cv_env_CPPFLAGS_set=
ac_cv_env_CPPFLAGS_value=
ac_cv_env_CPP_set=
ac_cv_env_CPP_value=
ac_cv_env_CXXFLAGS_set=
ac_cv_env_CXXFLAGS_value=
ac_cv_env_CXX_set=
ac_cv_env_CXX_value=
ac_cv_env_LDFLAGS_set=
ac_cv_env_LDFLAGS_value=
ac_cv_env_LIBS_set=
ac_cv_env_LIBS_value=
ac_cv_env_build_alias_set=
ac_cv_env_build_alias_value=
ac_cv_env_host_alias_set=
ac_cv_env_host_alias_value=
ac_cv_env_target_alias_set=
ac_cv_env_target_alias_value=
ac_cv_file____libs=no
ac_cv_func_floor=yes
ac_cv_func_malloc_0_nonnull=yes
ac_cv_func_memset=yes
ac_cv_func_pow=yes
ac_cv_func_realloc_0_nonnull=yes
ac_cv_func_sqrt=yes
ac_cv_func_strchr=yes
ac_cv_func_xdr_hyper=yes
ac_cv_header_endian_h=yes
ac_cv_header_inttypes_h=yes
ac_cv_header_limits_h=yes
ac_cv_header_malloc_h=yes
ac_cv_header_memory_h=yes
ac_cv_header_netinet_in_h=yes
ac_cv_header_rpc_types_h=yes
ac_cv_header_rpc_xdr_h=yes
ac_cv_header_stdbool_h=yes
ac_cv_header_stdc=yes
ac_cv_header_stddef_h=yes
ac_cv_header_stdint_h=yes
ac_cv_header_stdlib_h=yes
ac_cv_header_string_h=yes
ac_cv_header_strings_h=yes
ac_cv_header_sys_bittypes_h=no
ac_cv_header_sys_param_h=yes
ac_cv_header_sys_stat_h=yes
ac_cv_header_sys_types_h=yes
ac_cv_header_unistd_h=yes
ac_cv_header_values_h=yes
ac_cv_lib_xdr_xdr_hyper=no
ac_cv_objext=o
ac_cv_path_CHARMC=/home/mbrinson/Libraries/charm-6.7.1/bin/charmc
ac_cv_path_EGREP='/bin/grep -E'
ac_cv_path_GREP=/bin/grep
ac_cv_prog_CPP='mpicc -m64  -E'
ac_cv_prog_ac_ct_CC='mpicc -m64 '
ac_cv_prog_cc_c89=
ac_cv_prog_cc_g=yes
ac_cv_prog_cxx_g=yes
ac_cv_search_xdr_float='none required'
ac_cv_type__Bool=yes
ac_cv_type_int64_t=yes
ac_cv_type_quad=no
ac_cv_type_quad_t=yes
ac_cv_type_size_t=yes
ac_cv_type_u_int64_t=yes
ac_cv_type_u_quad_t=yes

## ----------------- ##
## Output variables. ##
## ----------------- ##

AR='ar q'
CC='mpicc -m64 '
CFLAGS='-g -O2'
CHARMC='/home/mbrinson/Libraries/charm-6.7.1/bin/charmc'
CHARM_PATH='/home/mbrinson/Libraries/charm-6.7.1'
CPP='mpicc -m64  -E'
CPPFLAGS=' -I..'
CXX='mpicxx -m64 '
CXXFLAGS='-g -O2'
DEFS='-DHAVE_CONFIG_H'
ECHO_C=''
ECHO_N='-n'
ECHO_T=''
EGREP='/bin/grep -E'
EXEEXT=''
FLAG_BIGKEYS=''
FLAG_CHANGESOFT='-DCHANGESOFT'
FLAG_COOLING='-DCOOLING_NUC'
FLAG_KERNEL=''
GREP='/bin/grep'
LDFLAGS=''
LIBOBJS=''
LIBS=' -lifcore'
LTLIBOBJS=''
OBJECTS_COOLING='cooling_nuc.o burn.o'
OBJEXT='o'
PACKAGE_BUGREPORT='changa-users@u.washington.edu'
PACKAGE_NAME='ChaNGa'
PACKAGE_STRING='ChaNGa 3.2'
PACKAGE_TARNAME='changa'
PACKAGE_URL=''
PACKAGE_VERSION='3.2'
PATH_SEPARATOR=':'
SHELL='/bin/sh'
ac_ct_CC='mpicc -m64 '
ac_ct_CXX=''
bindir='${exec_prefix}/bin'
build_alias=''
datadir='${datarootdir}'
datarootdir='${prefix}/share'
docdir='${datarootdir}/doc/${PACKAGE_TARNAME}'
dvidir='${docdir}'
exec_prefix='${prefix}'
host_alias=''
htmldir='${docdir}'
includedir='${prefix}/include'
infodir='${datarootdir}/info'
libdir='${exec_prefix}/lib'
libexecdir='${exec_prefix}/libexec'
localedir='${datarootdir}/locale'
localstatedir='${prefix}/var'
mandir='${datarootdir}/man'
oldincludedir='/usr/include'
pdfdir='${docdir}'
prefix='/usr/local'
program_transform_name='s,x,x,'
psdir='${docdir}'
sbindir='${exec_prefix}/sbin'
sharedstatedir='${prefix}/com'
sysconfdir='${prefix}/etc'
target_alias=''

## ----------- ##
## confdefs.h. ##
## ----------- ##

/* confdefs.h */
#define PACKAGE_NAME "ChaNGa"
#define PACKAGE_TARNAME "changa"
#define PACKAGE_VERSION "3.2"
#define PACKAGE_STRING "ChaNGa 3.2"
#define PACKAGE_BUGREPORT "changa-users@u.washington.edu"
#define PACKAGE_URL ""
#define NBODY_PACKAGE_VERSION 3.2
#define STDC_HEADERS 1
#define HAVE_SYS_TYPES_H 1
#define HAVE_SYS_STAT_H 1
#define HAVE_STDLIB_H 1
#define HAVE_STRING_H 1
#define HAVE_MEMORY_H 1
#define HAVE_STRINGS_H 1
#define HAVE_INTTYPES_H 1
#define HAVE_STDINT_H 1
#define HAVE_UNISTD_H 1
#define HAVE_ENDIAN_H 1
#define HAVE_LIMITS_H 1
#define HAVE_MALLOC_H 1
#define HAVE_STDDEF_H 1
#define HAVE_STDINT_H 1
#define HAVE_STDLIB_H 1
#define HAVE_STRING_H 1
#define HAVE_SYS_PARAM_H 1
#define HAVE_UNISTD_H 1
#define HAVE_VALUES_H 1
#define HAVE_RPC_TYPES_H 1
#define HAVE__BOOL 1
#define HAVE_STDBOOL_H 1
#define HAVE_U_INT64_T 1
#define HAVE_U_QUAD_T 1
#define HAVE_INT64_T 1
#define HAVE_QUAD_T 1
#define HAVE_STDLIB_H 1
#define HAVE_MALLOC 1
#define HAVE_STDLIB_H 1
#define HAVE_REALLOC 1
#define HAVE_FLOOR 1
#define HAVE_MEMSET 1
#define HAVE_POW 1
#define HAVE_SQRT 1
#define HAVE_STRCHR 1
#define HAVE_XDR_HYPER 1

configure: exit 0
